<?xml version="1.0" encoding="UTF-8"?>
<!-- Generated by org.testng.reporters.JUnitReportReporter -->
<testsuite skipped="0" hostname="DESKTOP-EMMIUAA" name="userRegistration.CreateAccount" tests="3" failures="0" timestamp="14 Jan 2019 13:54:19 GMT" time="43.514" errors="0">
  <testcase name="newUserRegistration" time="22.941" classname="userRegistration.CreateAccount"/>
  <testcase name="existingAccount" time="15.557" classname="userRegistration.CreateAccount"/>
  <testcase name="registrationValidations" time="5.016" classname="userRegistration.CreateAccount"/>
</testsuite> <!-- userRegistration.CreateAccount -->
