<?xml version="1.0" encoding="UTF-8"?>
<!-- Generated by org.testng.reporters.JUnitReportReporter -->
<testsuite skipped="0" hostname="DESKTOP-EMMIUAA" name="placeOrder.OrderWithMonogram" tests="1" failures="0" timestamp="17 Jan 2019 11:36:14 GMT" time="98.426" errors="0">
  <testcase name="testOrderWithMonogram" time="98.426" classname="placeOrder.OrderWithMonogram"/>
</testsuite> <!-- placeOrder.OrderWithMonogram -->
