<?xml version="1.0" encoding="UTF-8"?>
<!-- Generated by org.testng.reporters.JUnitReportReporter -->
<testsuite skipped="0" hostname="DESKTOP-EMMIUAA" name="placeOrder.TumiOrder" tests="1" failures="0" timestamp="22 Jan 2019 10:08:42 GMT" time="83.333" errors="0">
  <testcase name="testTumiOrder" time="83.333" classname="placeOrder.TumiOrder"/>
</testsuite> <!-- placeOrder.TumiOrder -->
