<?xml version="1.0" encoding="UTF-8"?>
<!-- Generated by org.testng.reporters.JUnitReportReporter -->
<testsuite skipped="0" hostname="DESKTOP-EMMIUAA" name="placeOrder.OrderWithGiftServices" tests="1" failures="0" timestamp="17 Jan 2019 11:49:42 GMT" time="156.088" errors="0">
  <testcase name="testOrderWithGiftServices" time="156.088" classname="placeOrder.OrderWithGiftServices"/>
</testsuite> <!-- placeOrder.OrderWithGiftServices -->
